<?xml version="1.0" encoding="UTF-8"?>
<robot generator="Robot 4.0.3 (Python 3.8.10 on linux)" generated="20210905 11:36:10.599" rpa="false" schemaversion="2">
<suite id="s1" name="Demo" source="/home/guillaume/Documents/kpn/Documents/TA_masterclass/day 2/demo.robot">
<test id="s1-t1" name="Demo Test Case">
<kw name="Open Browser" library="Selenium2Library">
<arg>browser=firefox</arg>
<doc>Opens a new browser instance to the optional ``url``.</doc>
<msg timestamp="20210905 11:36:10.769" level="INFO">Opening browser 'firefox' to base url 'None'.</msg>
<msg timestamp="20210905 11:36:10.770" level="INFO">Firefox driver log is always forced to to: /home/guillaume/Documents/kpn/Documents/TA_masterclass/day 2/geckodriver-8.log</msg>
<status status="PASS" starttime="20210905 11:36:10.769" endtime="20210905 11:36:14.272"/>
</kw>
<kw name="Go To" library="Selenium2Library">
<arg>https://www.google.com</arg>
<doc>Navigates the current browser window to the provided ``url``.</doc>
<msg timestamp="20210905 11:36:14.273" level="INFO">Opening url 'https://www.google.com'</msg>
<status status="PASS" starttime="20210905 11:36:14.273" endtime="20210905 11:36:15.802"/>
</kw>
<kw name="Wait Until Element Is Visible" library="Selenium2Library">
<arg>id=L2AGLb</arg>
<doc>Waits until the element ``locator`` is visible.</doc>
<status status="PASS" starttime="20210905 11:36:15.803" endtime="20210905 11:36:15.904"/>
</kw>
<kw name="Click Element" library="Selenium2Library">
<arg>id=L2AGLb</arg>
<doc>Click the element identified by ``locator``.</doc>
<msg timestamp="20210905 11:36:15.906" level="INFO">Clicking element 'id=L2AGLb'.</msg>
<status status="PASS" starttime="20210905 11:36:15.905" endtime="20210905 11:36:16.154"/>
</kw>
<kw name="Wait Until Element Is Visible" library="Selenium2Library">
<arg>name=q</arg>
<doc>Waits until the element ``locator`` is visible.</doc>
<status status="PASS" starttime="20210905 11:36:16.154" endtime="20210905 11:36:16.183"/>
</kw>
<kw name="Input Text" library="Selenium2Library">
<arg>name=q</arg>
<arg>bol</arg>
<doc>Types the given ``text`` into the text field identified by ``locator``.</doc>
<msg timestamp="20210905 11:36:16.184" level="INFO">Typing text 'bol' into text field 'name=q'.</msg>
<status status="PASS" starttime="20210905 11:36:16.183" endtime="20210905 11:36:16.211"/>
</kw>
<kw name="Go To" library="Selenium2Library">
<arg>https://www.google.com/search?q=bol</arg>
<doc>Navigates the current browser window to the provided ``url``.</doc>
<msg timestamp="20210905 11:36:16.212" level="INFO">Opening url 'https://www.google.com/search?q=bol'</msg>
<status status="PASS" starttime="20210905 11:36:16.211" endtime="20210905 11:36:18.082"/>
</kw>
<kw name="Wait Until Element Is Visible" library="Selenium2Library">
<arg>xpath: //*[contains(text(), "De winkel van ons allemaal")]</arg>
<doc>Waits until the element ``locator`` is visible.</doc>
<status status="PASS" starttime="20210905 11:36:18.082" endtime="20210905 11:36:18.108"/>
</kw>
<kw name="Click Element" library="Selenium2Library">
<arg>xpath: //*[contains(text(), "De winkel van ons allemaal")]</arg>
<doc>Click the element identified by ``locator``.</doc>
<msg timestamp="20210905 11:36:18.108" level="INFO">Clicking element 'xpath: //*[contains(text(), "De winkel van ons allemaal")]'.</msg>
<kw name="Capture Page Screenshot" library="Selenium2Library">
<doc>Takes a screenshot of the current page and embeds it into a log file.</doc>
<msg timestamp="20210905 11:36:18.450" level="INFO" html="true">&lt;/td&gt;&lt;/tr&gt;&lt;tr&gt;&lt;td colspan="3"&gt;&lt;a href="selenium-screenshot-7.png"&gt;&lt;img src="selenium-screenshot-7.png" width="800px"&gt;&lt;/a&gt;</msg>
<status status="PASS" starttime="20210905 11:36:18.392" endtime="20210905 11:36:18.450"/>
</kw>
<msg timestamp="20210905 11:36:18.458" level="FAIL">WebDriverException: Message: Reached error page: about:neterror?e=connectionFailure&amp;u=https%3A//www.googleadservices.com/pagead/aclk%3Fsa%3DL%26ai%3DCErEmkI80YffMG4PU3gOU7ZmABZve67VY2oPT_98Gq5L0itMICAAQAWCRhICA_BegAeO8uvIDyAEByAPYIKoEP0_QlI0ap2OlBXqZmxpJ_GQEpIsR8NW6TbSUu7IDLYIK7bLux_Q43ZEucseBEgOP2nLaTKdxWIlCMnSQ-6rqYsAE7d6w-EqgBlGAB63QoSOQBwOoB6a-G6gHuZqxAqgH8NkbqAfy2RuoB_PRG6gH7tIbqAf_nLECqAfK3BuwCAHSCAQQASAEmgkaaHR0cHM6Ly93d3cuYm9sLmNvbS9ubC9ubC-xCUEIt1lYoAZPuQlBCLdZWKAGT_gJAZgLAbgMAYgUA9AVAZgWAfgWAYAXAZIXCRIHCAEQAxjUAg%26ved%3D2ahUKEwiQ9PCcxOfyAhWOlqQKHc5rDYYQ0Qx6BAgCEAE%26dblrd%3D1%26val%3DGgidGmJWDUpE5SABKAAw2PvF1tb52ZS3ATiOn9KJBkCOn9KJBg%26sig%3DAOD64_0IOL6f5ARtXzTI6AhJl0L2LoD8BQ%26adurl%3Dhttps%3A//www.bol.com/nl/nl/%253FReferrer%253DADVNLGOO002003-B5O4R2UTKLNHE-240857871042&amp;c=UTF-8&amp;d=Firefox%20can%E2%80%99t%20establish%20a%20connection%20to%20the%20server%20at%20www.googleadservices.com.
</msg>
<status status="FAIL" starttime="20210905 11:36:18.108" endtime="20210905 11:36:18.458"/>
</kw>
<doc>Demo</doc>
<status status="FAIL" starttime="20210905 11:36:10.768" endtime="20210905 11:36:18.459">WebDriverException: Message: Reached error page: about:neterror?e=connectionFailure&amp;u=https%3A//www.googleadservices.com/pagead/aclk%3Fsa%3DL%26ai%3DCErEmkI80YffMG4PU3gOU7ZmABZve67VY2oPT_98Gq5L0itMICAAQAWCRhICA_BegAeO8uvIDyAEByAPYIKoEP0_QlI0ap2OlBXqZmxpJ_GQEpIsR8NW6TbSUu7IDLYIK7bLux_Q43ZEucseBEgOP2nLaTKdxWIlCMnSQ-6rqYsAE7d6w-EqgBlGAB63QoSOQBwOoB6a-G6gHuZqxAqgH8NkbqAfy2RuoB_PRG6gH7tIbqAf_nLECqAfK3BuwCAHSCAQQASAEmgkaaHR0cHM6Ly93d3cuYm9sLmNvbS9ubC9ubC-xCUEIt1lYoAZPuQlBCLdZWKAGT_gJAZgLAbgMAYgUA9AVAZgWAfgWAYAXAZIXCRIHCAEQAxjUAg%26ved%3D2ahUKEwiQ9PCcxOfyAhWOlqQKHc5rDYYQ0Qx6BAgCEAE%26dblrd%3D1%26val%3DGgidGmJWDUpE5SABKAAw2PvF1tb52ZS3ATiOn9KJBkCOn9KJBg%26sig%3DAOD64_0IOL6f5ARtXzTI6AhJl0L2LoD8BQ%26adurl%3Dhttps%3A//www.bol.com/nl/nl/%253FReferrer%253DADVNLGOO002003-B5O4R2UTKLNHE-240857871042&amp;c=UTF-8&amp;d=Firefox%20can%E2%80%99t%20establish%20a%20connection%20to%20the%20server%20at%20www.googleadservices.com.
</status>
</test>
<status status="FAIL" starttime="20210905 11:36:10.600" endtime="20210905 11:36:18.462"/>
</suite>
<statistics>
<total>
<stat pass="0" fail="1" skip="0">All Tests</stat>
</total>
<tag>
</tag>
<suite>
<stat pass="0" fail="1" skip="0" id="s1" name="Demo">Demo</stat>
</suite>
</statistics>
<errors>
</errors>
</robot>
